<?xml version="1.0" encoding="UTF-8"?>
<testsuite xmlns:xsi="http://www.w3.org/2001/XMLSchema-instance" xsi:noNamespaceSchemaLocation="https://maven.apache.org/surefire/maven-surefire-plugin/xsd/surefire-test-report.xsd" version="3.0.2" name="pt.feup.tvvs.pacman.states.menu.MainMenuStateWhiteBoxTests" time="0.006" tests="4" errors="0" skipped="0" failures="0">
  <properties>
[...]
</properties>
  <testcase name="step_propagates_checked_exceptions_from_controller" classname="pt.feup.tvvs.pacman.states.menu.MainMenuStateWhiteBoxTests" time="0.003"/>
  <testcase name="step_delegates_to_controller_and_viewer" classname="pt.feup.tvvs.pacman.states.menu.MainMenuStateWhiteBoxTests" time="0.001"/>
  <testcase name="constructor_stores_model_and_audioManager_and_uses_overrides" classname="pt.feup.tvvs.pacman.states.menu.MainMenuStateWhiteBoxTests" time="0.0"/>
  <testcase name="step_propagates_runtime_exceptions_from_viewer" classname="pt.feup.tvvs.pacman.states.menu.MainMenuStateWhiteBoxTests" time="0.001"/>
</testsuite>